 command line:
   ./cpu8080_tbw_isim_beh.exe
     -intstyle  ise
     -ipchost  localhost
     -ipcport  1113

Thu Nov 16 21:40:48 2006

Total Line Count = 5672

 Elaboration time 0 sec.

 Estimate current memory usage 36.6961 Meg. 

 Total signals 322
 Total nets 542
 Total signal drivers 184
 Total blocks 39
 Total primitive blocks 28
 Total processes 186
ntrace select -o on -n /cpu8080_tbw/clock 
ntrace select -o on -n /cpu8080_tbw/writemem 
ntrace select -o on -n /cpu8080_tbw/readmem 
ntrace select -o on -n /cpu8080_tbw/readio 
ntrace select -o on -n /cpu8080_tbw/writeio 
ntrace select -o on -n /cpu8080_tbw/data 
ntrace select -o on -n /cpu8080_tbw/addr 
ntrace select -o on -n /cpu8080_tbw/waitr 
ntrace select -o on -n /cpu8080_tbw/intr 
ntrace select -o on -n /cpu8080_tbw/inta 
ntrace select -o on -n /cpu8080_tbw/UUT/reset 
ntrace start 
run all 
Simulator is doing circuit initialization process.
Finished circuit initialization process.
restart
run all 
Simulator is doing circuit initialization process.
Finished circuit initialization process.
restart
run all 
Simulator is doing circuit initialization process.
Finished circuit initialization process.
